<?xml version="1.0" encoding="UTF-8"?>
<!-- Generated by org.testng.reporters.JUnitXMLReporter -->
<testsuite hostname="DESKTOP-SHH2K20" name="ChromeTest" tests="1" failures="0" timestamp="13 Mar 2024 07:04:54 GMT" time="1.026" errors="0">
  <testcase name="@BeforeMethod setup" time="0.0" classname="com.LiveProject.testcases.signUpPage1Test">
    <failure type="java.lang.NullPointerException">
      <![CDATA[java.lang.NullPointerException
	at com.LiveProject.Actions.ActionDivers.implicitWait(ActionDivers.java:748)
	at com.LiveProject.Base.BaseClass.launchApp(BaseClass.java:82)
	at com.LiveProject.testcases.signUpPage1Test.setup(signUpPage1Test.java:23)
	at java.util.concurrent.FutureTask.run(FutureTask.java:266)
	at java.util.concurrent.ThreadPoolExecutor.runWorker(ThreadPoolExecutor.java:1149)
	at java.util.concurrent.ThreadPoolExecutor$Worker.run(ThreadPoolExecutor.java:624)
	at java.lang.Thread.run(Thread.java:748)
... Removed 18 stack frames]]>
    </failure>
  </testcase> <!-- @BeforeMethod setup -->
  <testcase name="@AfterMethod teardown" time="0.0" classname="com.LiveProject.testcases.signUpPage1Test">
    <skipped/>
  </testcase> <!-- @AfterMethod teardown -->
  <testcase name="loginTo" time="0.01" classname="com.LiveProject.testcases.signUpPage1Test">
    <skipped/>
  </testcase> <!-- loginTo -->
</testsuite> <!-- ChromeTest -->
