<?xml version="1.0" encoding="UTF-8"?>
<testng-results skipped="0" failed="1" total="6" passed="5">
  <reporter-output>
  </reporter-output>
  <suite name="Suite" duration-ms="233554" started-at="2024-03-12T10:50:13Z" finished-at="2024-03-12T10:54:07Z">
    <groups>
      <group name="Regression">
        <method signature="IndexPage1Test.clicksignup()[pri:0, instance:com.LiveProject.testcases.IndexPage1Test@42d80b78]" name="clicksignup" class="com.LiveProject.testcases.IndexPage1Test"/>
        <method signature="LogoutPage1Test.clickonLogout()[pri:0, instance:com.LiveProject.testcases.LogoutPage1Test@39c0f4a]" name="clickonLogout" class="com.LiveProject.testcases.LogoutPage1Test"/>
        <method signature="OrderConfirmPage1Rest.clickonPay()[pri:0, instance:com.LiveProject.testcases.OrderConfirmPage1Rest@1794d431]" name="clickonPay" class="com.LiveProject.testcases.OrderConfirmPage1Rest"/>
      </group> <!-- Regression -->
      <group name="smoke">
        <method signature="IndexPage1Test.verifyLogo()[pri:0, instance:com.LiveProject.testcases.IndexPage1Test@42d80b78]" name="verifyLogo" class="com.LiveProject.testcases.IndexPage1Test"/>
        <method signature="LogoutPage1Test.clickonLogout()[pri:0, instance:com.LiveProject.testcases.LogoutPage1Test@39c0f4a]" name="clickonLogout" class="com.LiveProject.testcases.LogoutPage1Test"/>
        <method signature="signUpPage1Test.loginTo(java.lang.String, java.lang.String)[pri:0, instance:com.LiveProject.testcases.signUpPage1Test@7d9d1a19]" name="loginTo" class="com.LiveProject.testcases.signUpPage1Test"/>
      </group> <!-- smoke -->
      <group name="sanity">
        <method signature="IndexPage1Test.clicksignup()[pri:0, instance:com.LiveProject.testcases.IndexPage1Test@42d80b78]" name="clicksignup" class="com.LiveProject.testcases.IndexPage1Test"/>
        <method signature="IndexPage1Test.titleee()[pri:0, instance:com.LiveProject.testcases.IndexPage1Test@42d80b78]" name="titleee" class="com.LiveProject.testcases.IndexPage1Test"/>
      </group> <!-- sanity -->
    </groups>
    <test name="Test-All" duration-ms="233554" started-at="2024-03-12T10:50:13Z" finished-at="2024-03-12T10:54:07Z">
      <class name="com.LiveProject.testcases.OrderConfirmPage1Rest">
        <test-method status="PASS" signature="setup(java.lang.String)[pri:0, instance:com.LiveProject.testcases.OrderConfirmPage1Rest@1794d431]" name="setup" is-config="true" duration-ms="8136" started-at="2024-03-12T16:21:40Z" finished-at="2024-03-12T16:21:48Z">
          <params>
            <param index="0">
              <value>
                <![CDATA[Edge]]>
              </value>
            </param>
          </params>
          <reporter-output>
          </reporter-output>
        </test-method> <!-- setup -->
        <test-method status="PASS" signature="clickonPay()[pri:0, instance:com.LiveProject.testcases.OrderConfirmPage1Rest@1794d431]" name="clickonPay" duration-ms="65122" started-at="2024-03-12T16:21:48Z" finished-at="2024-03-12T16:22:53Z">
          <reporter-output>
          </reporter-output>
        </test-method> <!-- clickonPay -->
        <test-method status="PASS" signature="teardown()[pri:0, instance:com.LiveProject.testcases.OrderConfirmPage1Rest@1794d431]" name="teardown" is-config="true" duration-ms="913" started-at="2024-03-12T16:22:53Z" finished-at="2024-03-12T16:22:54Z">
          <reporter-output>
          </reporter-output>
        </test-method> <!-- teardown -->
      </class> <!-- com.LiveProject.testcases.OrderConfirmPage1Rest -->
      <class name="com.LiveProject.testcases.IndexPage1Test">
        <test-method status="PASS" signature="loadConfig()[pri:0, instance:com.LiveProject.testcases.IndexPage1Test@42d80b78]" name="loadConfig" is-config="true" duration-ms="298" started-at="2024-03-12T16:20:13Z" finished-at="2024-03-12T16:20:13Z">
          <reporter-output>
          </reporter-output>
        </test-method> <!-- loadConfig -->
        <test-method status="PASS" signature="setup(java.lang.String)[pri:0, instance:com.LiveProject.testcases.IndexPage1Test@42d80b78]" name="setup" is-config="true" duration-ms="11873" started-at="2024-03-12T16:20:54Z" finished-at="2024-03-12T16:21:06Z">
          <params>
            <param index="0">
              <value>
                <![CDATA[Edge]]>
              </value>
            </param>
          </params>
          <reporter-output>
          </reporter-output>
        </test-method> <!-- setup -->
        <test-method status="PASS" signature="clicksignup()[pri:0, instance:com.LiveProject.testcases.IndexPage1Test@42d80b78]" name="clicksignup" duration-ms="2783" started-at="2024-03-12T16:21:06Z" finished-at="2024-03-12T16:21:09Z">
          <reporter-output>
          </reporter-output>
        </test-method> <!-- clicksignup -->
        <test-method status="PASS" signature="teardown()[pri:0, instance:com.LiveProject.testcases.IndexPage1Test@42d80b78]" name="teardown" is-config="true" duration-ms="925" started-at="2024-03-12T16:21:09Z" finished-at="2024-03-12T16:21:10Z">
          <reporter-output>
          </reporter-output>
        </test-method> <!-- teardown -->
        <test-method status="PASS" signature="setup(java.lang.String)[pri:0, instance:com.LiveProject.testcases.IndexPage1Test@42d80b78]" name="setup" is-config="true" duration-ms="14438" started-at="2024-03-12T16:21:10Z" finished-at="2024-03-12T16:21:24Z">
          <params>
            <param index="0">
              <value>
                <![CDATA[Edge]]>
              </value>
            </param>
          </params>
          <reporter-output>
          </reporter-output>
        </test-method> <!-- setup -->
        <test-method status="FAIL" signature="titleee()[pri:0, instance:com.LiveProject.testcases.IndexPage1Test@42d80b78]" name="titleee" duration-ms="56" started-at="2024-03-12T16:21:24Z" finished-at="2024-03-12T16:21:25Z">
          <exception class="java.lang.AssertionError">
            <message>
              <![CDATA[expected [AutomationExercise] but found [Automation Exercise]]]>
            </message>
            <full-stacktrace>
              <![CDATA[java.lang.AssertionError: expected [AutomationExercise] but found [Automation Exercise]
	at org.testng.Assert.fail(Assert.java:94)
	at org.testng.Assert.failNotEquals(Assert.java:494)
	at org.testng.Assert.assertEquals(Assert.java:123)
	at org.testng.Assert.assertEquals(Assert.java:176)
	at org.testng.Assert.assertEquals(Assert.java:186)
	at com.LiveProject.testcases.IndexPage1Test.titleee(IndexPage1Test.java:51)
	at sun.reflect.NativeMethodAccessorImpl.invoke0(Native Method)
	at sun.reflect.NativeMethodAccessorImpl.invoke(NativeMethodAccessorImpl.java:62)
	at sun.reflect.DelegatingMethodAccessorImpl.invoke(DelegatingMethodAccessorImpl.java:43)
	at java.lang.reflect.Method.invoke(Method.java:498)
	at org.testng.internal.MethodInvocationHelper.invokeMethod(MethodInvocationHelper.java:84)
	at org.testng.internal.Invoker.invokeMethod(Invoker.java:714)
	at org.testng.internal.Invoker.invokeTestMethod(Invoker.java:901)
	at org.testng.internal.Invoker.invokeTestMethods(Invoker.java:1231)
	at org.testng.internal.TestMethodWorker.invokeTestMethods(TestMethodWorker.java:127)
	at org.testng.internal.TestMethodWorker.run(TestMethodWorker.java:111)
	at org.testng.TestRunner.privateRun(TestRunner.java:767)
	at org.testng.TestRunner.run(TestRunner.java:617)
	at org.testng.SuiteRunner.runTest(SuiteRunner.java:348)
	at org.testng.SuiteRunner.runSequentially(SuiteRunner.java:343)
	at org.testng.SuiteRunner.privateRun(SuiteRunner.java:305)
	at org.testng.SuiteRunner.run(SuiteRunner.java:254)
	at org.testng.SuiteRunnerWorker.runSuite(SuiteRunnerWorker.java:52)
	at org.testng.SuiteRunnerWorker.run(SuiteRunnerWorker.java:86)
	at org.testng.TestNG.runSuitesSequentially(TestNG.java:1224)
	at org.testng.TestNG.runSuitesLocally(TestNG.java:1149)
	at org.testng.TestNG.run(TestNG.java:1057)
	at org.testng.remote.AbstractRemoteTestNG.run(AbstractRemoteTestNG.java:132)
	at org.testng.remote.RemoteTestNG.initAndRun(RemoteTestNG.java:230)
	at org.testng.remote.RemoteTestNG.main(RemoteTestNG.java:76)
]]>
            </full-stacktrace>
          </exception> <!-- java.lang.AssertionError -->
          <reporter-output>
          </reporter-output>
        </test-method> <!-- titleee -->
        <test-method status="PASS" signature="teardown()[pri:0, instance:com.LiveProject.testcases.IndexPage1Test@42d80b78]" name="teardown" is-config="true" duration-ms="923" started-at="2024-03-12T16:21:25Z" finished-at="2024-03-12T16:21:26Z">
          <reporter-output>
          </reporter-output>
        </test-method> <!-- teardown -->
        <test-method status="PASS" signature="setup(java.lang.String)[pri:0, instance:com.LiveProject.testcases.IndexPage1Test@42d80b78]" name="setup" is-config="true" duration-ms="12537" started-at="2024-03-12T16:21:26Z" finished-at="2024-03-12T16:21:39Z">
          <params>
            <param index="0">
              <value>
                <![CDATA[Edge]]>
              </value>
            </param>
          </params>
          <reporter-output>
          </reporter-output>
        </test-method> <!-- setup -->
        <test-method status="PASS" signature="verifyLogo()[pri:0, instance:com.LiveProject.testcases.IndexPage1Test@42d80b78]" name="verifyLogo" duration-ms="127" started-at="2024-03-12T16:21:39Z" finished-at="2024-03-12T16:21:39Z">
          <reporter-output>
          </reporter-output>
        </test-method> <!-- verifyLogo -->
        <test-method status="PASS" signature="teardown()[pri:0, instance:com.LiveProject.testcases.IndexPage1Test@42d80b78]" name="teardown" is-config="true" duration-ms="852" started-at="2024-03-12T16:21:39Z" finished-at="2024-03-12T16:21:40Z">
          <reporter-output>
          </reporter-output>
        </test-method> <!-- teardown -->
        <test-method status="PASS" signature="afterSuite()[pri:0, instance:com.LiveProject.testcases.IndexPage1Test@42d80b78]" name="afterSuite" is-config="true" duration-ms="440" started-at="2024-03-12T16:24:07Z" finished-at="2024-03-12T16:24:07Z">
          <reporter-output>
          </reporter-output>
        </test-method> <!-- afterSuite -->
      </class> <!-- com.LiveProject.testcases.IndexPage1Test -->
      <class name="com.LiveProject.testcases.LogoutPage1Test">
        <test-method status="PASS" signature="setup(java.lang.String)[pri:0, instance:com.LiveProject.testcases.LogoutPage1Test@39c0f4a]" name="setup" is-config="true" duration-ms="9948" started-at="2024-03-12T16:22:54Z" finished-at="2024-03-12T16:23:04Z">
          <params>
            <param index="0">
              <value>
                <![CDATA[Edge]]>
              </value>
            </param>
          </params>
          <reporter-output>
          </reporter-output>
        </test-method> <!-- setup -->
        <test-method status="PASS" signature="clickonLogout()[pri:0, instance:com.LiveProject.testcases.LogoutPage1Test@39c0f4a]" name="clickonLogout" duration-ms="61876" started-at="2024-03-12T16:23:04Z" finished-at="2024-03-12T16:24:06Z">
          <reporter-output>
          </reporter-output>
        </test-method> <!-- clickonLogout -->
        <test-method status="PASS" signature="teardown()[pri:0, instance:com.LiveProject.testcases.LogoutPage1Test@39c0f4a]" name="teardown" is-config="true" duration-ms="894" started-at="2024-03-12T16:24:06Z" finished-at="2024-03-12T16:24:07Z">
          <reporter-output>
          </reporter-output>
        </test-method> <!-- teardown -->
      </class> <!-- com.LiveProject.testcases.LogoutPage1Test -->
      <class name="com.LiveProject.testcases.signUpPage1Test">
        <test-method status="PASS" signature="setup(java.lang.String)[pri:0, instance:com.LiveProject.testcases.signUpPage1Test@7d9d1a19]" name="setup" is-config="true" duration-ms="9295" started-at="2024-03-12T16:20:14Z" finished-at="2024-03-12T16:20:23Z">
          <params>
            <param index="0">
              <value>
                <![CDATA[Edge]]>
              </value>
            </param>
          </params>
          <reporter-output>
          </reporter-output>
        </test-method> <!-- setup -->
        <test-method status="PASS" signature="loginTo(java.lang.String, java.lang.String)[pri:0, instance:com.LiveProject.testcases.signUpPage1Test@7d9d1a19]" name="loginTo" duration-ms="30602" started-at="2024-03-12T16:20:23Z" data-provider="Credentials" finished-at="2024-03-12T16:20:54Z">
          <params>
            <param index="0">
              <value>
                <![CDATA[rajkumarkanugu72@gmail.com]]>
              </value>
            </param>
            <param index="1">
              <value>
                <![CDATA[admin@123]]>
              </value>
            </param>
          </params>
          <reporter-output>
          </reporter-output>
        </test-method> <!-- loginTo -->
        <test-method status="PASS" signature="teardown()[pri:0, instance:com.LiveProject.testcases.signUpPage1Test@7d9d1a19]" name="teardown" is-config="true" duration-ms="907" started-at="2024-03-12T16:20:54Z" finished-at="2024-03-12T16:20:54Z">
          <reporter-output>
          </reporter-output>
        </test-method> <!-- teardown -->
      </class> <!-- com.LiveProject.testcases.signUpPage1Test -->
    </test> <!-- Test-All -->
  </suite> <!-- Suite -->
</testng-results>
